{"name":"hexo","hostname":"JingludeMacBook-Pro.local","pid":22529,"level":20,"msg":"Writing database to /Users/jinglu/blog/db.json","time":"2019-04-23T08:00:35.282Z","v":0}
{"name":"hexo","hostname":"JingludeMacBook-Pro.local","pid":22529,"level":20,"msg":"Hexo version: \u001b[35m3.8.0\u001b[39m","time":"2019-04-23T08:00:35.330Z","v":0}
{"name":"hexo","hostname":"JingludeMacBook-Pro.local","pid":22529,"level":20,"msg":"Working directory: \u001b[35m~/blog/\u001b[39m","time":"2019-04-23T08:00:35.330Z","v":0}
{"name":"hexo","hostname":"JingludeMacBook-Pro.local","pid":22529,"level":20,"msg":"Config loaded: \u001b[35m~/blog/_config.yml\u001b[39m","time":"2019-04-23T08:00:35.476Z","v":0}
{"name":"hexo","hostname":"JingludeMacBook-Pro.local","pid":22529,"level":20,"msg":"Plugin loaded: \u001b[35mhexo-generator-category\u001b[39m","time":"2019-04-23T08:00:35.498Z","v":0}
{"name":"hexo","hostname":"JingludeMacBook-Pro.local","pid":22529,"level":20,"msg":"Plugin loaded: \u001b[35mhexo-generator-archive\u001b[39m","time":"2019-04-23T08:00:35.502Z","v":0}
{"name":"hexo","hostname":"JingludeMacBook-Pro.local","pid":22529,"level":20,"msg":"Plugin loaded: \u001b[35mhexo-deployer-git\u001b[39m","time":"2019-04-23T08:00:35.577Z","v":0}
{"name":"hexo","hostname":"JingludeMacBook-Pro.local","pid":22529,"level":20,"msg":"Plugin loaded: \u001b[35mhexo-generator-index\u001b[39m","time":"2019-04-23T08:00:35.580Z","v":0}
{"name":"hexo","hostname":"JingludeMacBook-Pro.local","pid":22529,"level":20,"msg":"Plugin loaded: \u001b[35mhexo-generator-json-content\u001b[39m","time":"2019-04-23T08:00:35.628Z","v":0}
{"name":"hexo","hostname":"JingludeMacBook-Pro.local","pid":22529,"level":20,"msg":"Plugin loaded: \u001b[35mhexo-generator-tag\u001b[39m","time":"2019-04-23T08:00:35.630Z","v":0}
{"name":"hexo","hostname":"JingludeMacBook-Pro.local","pid":22529,"level":20,"msg":"Plugin loaded: \u001b[35mhexo-renderer-marked\u001b[39m","time":"2019-04-23T08:00:35.638Z","v":0}
{"name":"hexo","hostname":"JingludeMacBook-Pro.local","pid":22529,"level":20,"msg":"Plugin loaded: \u001b[35mhexo-renderer-ejs\u001b[39m","time":"2019-04-23T08:00:35.643Z","v":0}
{"name":"hexo","hostname":"JingludeMacBook-Pro.local","pid":22529,"level":20,"msg":"Plugin loaded: \u001b[35mhexo-renderer-stylus\u001b[39m","time":"2019-04-23T08:00:35.644Z","v":0}
{"name":"hexo","hostname":"JingludeMacBook-Pro.local","pid":22529,"level":20,"msg":"Plugin loaded: \u001b[35mhexo-server\u001b[39m","time":"2019-04-23T08:00:35.747Z","v":0}
{"name":"hexo","hostname":"JingludeMacBook-Pro.local","pid":22529,"level":20,"msg":"Script loaded: \u001b[35mthemes/icarus/scripts/index.js\u001b[39m","time":"2019-04-23T08:00:35.881Z","v":0}
{"name":"hexo","hostname":"JingludeMacBook-Pro.local","pid":22529,"level":20,"msg":"Loading database.","time":"2019-04-23T08:00:35.887Z","v":0}
{"name":"hexo","hostname":"JingludeMacBook-Pro.local","pid":22529,"level":30,"msg":"Start processing","time":"2019-04-23T08:00:35.966Z","v":0}
{"name":"hexo","hostname":"JingludeMacBook-Pro.local","pid":22529,"level":20,"msg":"Processed: \u001b[35msource/CNAME\u001b[39m","time":"2019-04-23T08:00:36.017Z","v":0}
{"name":"hexo","hostname":"JingludeMacBook-Pro.local","pid":22529,"level":20,"msg":"Processed: \u001b[35m_posts/java/ConcurrentHashMap源码浅析.md\u001b[39m","time":"2019-04-23T08:00:36.046Z","v":0}
{"name":"hexo","hostname":"JingludeMacBook-Pro.local","pid":22529,"level":20,"msg":"Processed: \u001b[35m_posts/java/ArrayList源码阅读.md\u001b[39m","time":"2019-04-23T08:00:36.046Z","v":0}
{"name":"hexo","hostname":"JingludeMacBook-Pro.local","pid":22529,"level":20,"msg":"Processed: \u001b[35m_posts/java/HashMap.md\u001b[39m","time":"2019-04-23T08:00:36.046Z","v":0}
{"name":"hexo","hostname":"JingludeMacBook-Pro.local","pid":22529,"level":20,"msg":"Processed: \u001b[35m_posts/jvm/JavaMemory.md\u001b[39m","time":"2019-04-23T08:00:36.046Z","v":0}
{"name":"hexo","hostname":"JingludeMacBook-Pro.local","pid":22529,"level":20,"msg":"Processed: \u001b[35m_posts/jvm/垃圾回收.md\u001b[39m","time":"2019-04-23T08:00:36.046Z","v":0}
{"name":"hexo","hostname":"JingludeMacBook-Pro.local","pid":22529,"level":20,"msg":"Processed: \u001b[35m_posts/rpc/RPC.md\u001b[39m","time":"2019-04-23T08:00:36.047Z","v":0}
{"name":"hexo","hostname":"JingludeMacBook-Pro.local","pid":22529,"level":20,"msg":"Processed: \u001b[35m_posts/spring/1_AbstractApplicationContext.md\u001b[39m","time":"2019-04-23T08:00:36.047Z","v":0}
{"name":"hexo","hostname":"JingludeMacBook-Pro.local","pid":22529,"level":20,"msg":"Processed: \u001b[35m_posts/spring/2_Environment.md\u001b[39m","time":"2019-04-23T08:00:36.047Z","v":0}
{"name":"hexo","hostname":"JingludeMacBook-Pro.local","pid":22529,"level":20,"msg":"Processed: \u001b[35msource/css/back-to-top.css\u001b[39m","time":"2019-04-23T08:00:36.048Z","v":0}
{"name":"hexo","hostname":"JingludeMacBook-Pro.local","pid":22529,"level":20,"msg":"Processed: \u001b[35msource/css/insight.css\u001b[39m","time":"2019-04-23T08:00:36.049Z","v":0}
{"name":"hexo","hostname":"JingludeMacBook-Pro.local","pid":22529,"level":20,"msg":"Processed: \u001b[35msource/css/progressbar.css\u001b[39m","time":"2019-04-23T08:00:36.049Z","v":0}
{"name":"hexo","hostname":"JingludeMacBook-Pro.local","pid":22529,"level":20,"msg":"Processed: \u001b[35msource/css/search.css\u001b[39m","time":"2019-04-23T08:00:36.050Z","v":0}
{"name":"hexo","hostname":"JingludeMacBook-Pro.local","pid":22529,"level":20,"msg":"Processed: \u001b[35msource/css/style.styl\u001b[39m","time":"2019-04-23T08:00:36.051Z","v":0}
{"name":"hexo","hostname":"JingludeMacBook-Pro.local","pid":22529,"level":20,"msg":"Processed: \u001b[35msource/images/a.png\u001b[39m","time":"2019-04-23T08:00:36.051Z","v":0}
{"name":"hexo","hostname":"JingludeMacBook-Pro.local","pid":22529,"level":20,"msg":"Processed: \u001b[35msource/images/favicon.svg\u001b[39m","time":"2019-04-23T08:00:36.052Z","v":0}
{"name":"hexo","hostname":"JingludeMacBook-Pro.local","pid":22529,"level":20,"msg":"Processed: \u001b[35msource/images/jinglu.png\u001b[39m","time":"2019-04-23T08:00:36.052Z","v":0}
{"name":"hexo","hostname":"JingludeMacBook-Pro.local","pid":22529,"level":20,"msg":"Processed: \u001b[35msource/images/logo.png\u001b[39m","time":"2019-04-23T08:00:36.052Z","v":0}
{"name":"hexo","hostname":"JingludeMacBook-Pro.local","pid":22529,"level":20,"msg":"Processed: \u001b[35msource/images/logo.svg\u001b[39m","time":"2019-04-23T08:00:36.052Z","v":0}
{"name":"hexo","hostname":"JingludeMacBook-Pro.local","pid":22529,"level":20,"msg":"Processed: \u001b[35msource/images/thumbnail.svg\u001b[39m","time":"2019-04-23T08:00:36.053Z","v":0}
{"name":"hexo","hostname":"JingludeMacBook-Pro.local","pid":22529,"level":20,"msg":"Processed: \u001b[35msource/js/clipboard.js\u001b[39m","time":"2019-04-23T08:00:36.053Z","v":0}
{"name":"hexo","hostname":"JingludeMacBook-Pro.local","pid":22529,"level":20,"msg":"Processed: \u001b[35msource/js/back-to-top.js\u001b[39m","time":"2019-04-23T08:00:36.053Z","v":0}
{"name":"hexo","hostname":"JingludeMacBook-Pro.local","pid":22529,"level":20,"msg":"Processed: \u001b[35msource/js/animation.js\u001b[39m","time":"2019-04-23T08:00:36.053Z","v":0}
{"name":"hexo","hostname":"JingludeMacBook-Pro.local","pid":22529,"level":20,"msg":"Processed: \u001b[35msource/js/gallery.js\u001b[39m","time":"2019-04-23T08:00:36.054Z","v":0}
{"name":"hexo","hostname":"JingludeMacBook-Pro.local","pid":22529,"level":20,"msg":"Processed: \u001b[35msource/js/insight.js\u001b[39m","time":"2019-04-23T08:00:36.054Z","v":0}
{"name":"hexo","hostname":"JingludeMacBook-Pro.local","pid":22529,"level":20,"msg":"Theme config loaded.","time":"2019-04-23T08:00:36.075Z","v":0}
{"name":"hexo","hostname":"JingludeMacBook-Pro.local","pid":22529,"level":20,"msg":"Processed: \u001b[35m_config.yml\u001b[39m","time":"2019-04-23T08:00:36.076Z","v":0}
{"name":"hexo","hostname":"JingludeMacBook-Pro.local","pid":22529,"level":20,"msg":"Processed: \u001b[35msource/js/main.js\u001b[39m","time":"2019-04-23T08:00:36.076Z","v":0}
{"name":"hexo","hostname":"JingludeMacBook-Pro.local","pid":22529,"level":20,"msg":"Processed: \u001b[35mlayout/archive.ejs\u001b[39m","time":"2019-04-23T08:00:36.086Z","v":0}
{"name":"hexo","hostname":"JingludeMacBook-Pro.local","pid":22529,"level":20,"msg":"Processed: \u001b[35mlayout/categories.ejs\u001b[39m","time":"2019-04-23T08:00:36.087Z","v":0}
{"name":"hexo","hostname":"JingludeMacBook-Pro.local","pid":22529,"level":20,"msg":"Processed: \u001b[35mlayout/category.ejs\u001b[39m","time":"2019-04-23T08:00:36.087Z","v":0}
{"name":"hexo","hostname":"JingludeMacBook-Pro.local","pid":22529,"level":20,"msg":"Processed: \u001b[35mlayout/index.ejs\u001b[39m","time":"2019-04-23T08:00:36.087Z","v":0}
{"name":"hexo","hostname":"JingludeMacBook-Pro.local","pid":22529,"level":20,"msg":"Processed: \u001b[35mlayout/layout.ejs\u001b[39m","time":"2019-04-23T08:00:36.087Z","v":0}
{"name":"hexo","hostname":"JingludeMacBook-Pro.local","pid":22529,"level":20,"msg":"Processed: \u001b[35mlayout/page.ejs\u001b[39m","time":"2019-04-23T08:00:36.087Z","v":0}
{"name":"hexo","hostname":"JingludeMacBook-Pro.local","pid":22529,"level":20,"msg":"Processed: \u001b[35mlayout/post.ejs\u001b[39m","time":"2019-04-23T08:00:36.087Z","v":0}
{"name":"hexo","hostname":"JingludeMacBook-Pro.local","pid":22529,"level":20,"msg":"Processed: \u001b[35mlayout/tag.ejs\u001b[39m","time":"2019-04-23T08:00:36.087Z","v":0}
{"name":"hexo","hostname":"JingludeMacBook-Pro.local","pid":22529,"level":20,"msg":"Processed: \u001b[35mlayout/tags.ejs\u001b[39m","time":"2019-04-23T08:00:36.087Z","v":0}
{"name":"hexo","hostname":"JingludeMacBook-Pro.local","pid":22529,"level":20,"msg":"Processed: \u001b[35mlanguages/en.yml\u001b[39m","time":"2019-04-23T08:00:36.088Z","v":0}
{"name":"hexo","hostname":"JingludeMacBook-Pro.local","pid":22529,"level":20,"msg":"Processed: \u001b[35mlanguages/id.yml\u001b[39m","time":"2019-04-23T08:00:36.088Z","v":0}
{"name":"hexo","hostname":"JingludeMacBook-Pro.local","pid":22529,"level":20,"msg":"Processed: \u001b[35mlanguages/fr.yml\u001b[39m","time":"2019-04-23T08:00:36.089Z","v":0}
{"name":"hexo","hostname":"JingludeMacBook-Pro.local","pid":22529,"level":20,"msg":"Processed: \u001b[35mlanguages/es.yml\u001b[39m","time":"2019-04-23T08:00:36.089Z","v":0}
{"name":"hexo","hostname":"JingludeMacBook-Pro.local","pid":22529,"level":20,"msg":"Processed: \u001b[35mlanguages/ja.yml\u001b[39m","time":"2019-04-23T08:00:36.089Z","v":0}
{"name":"hexo","hostname":"JingludeMacBook-Pro.local","pid":22529,"level":20,"msg":"Processed: \u001b[35mlanguages/pt-BR.yml\u001b[39m","time":"2019-04-23T08:00:36.089Z","v":0}
{"name":"hexo","hostname":"JingludeMacBook-Pro.local","pid":22529,"level":20,"msg":"Processed: \u001b[35mlanguages/ko.yml\u001b[39m","time":"2019-04-23T08:00:36.089Z","v":0}
{"name":"hexo","hostname":"JingludeMacBook-Pro.local","pid":22529,"level":20,"msg":"Processed: \u001b[35mlanguages/ru.yml\u001b[39m","time":"2019-04-23T08:00:36.089Z","v":0}
{"name":"hexo","hostname":"JingludeMacBook-Pro.local","pid":22529,"level":20,"msg":"Processed: \u001b[35mlanguages/tr.yml\u001b[39m","time":"2019-04-23T08:00:36.089Z","v":0}
{"name":"hexo","hostname":"JingludeMacBook-Pro.local","pid":22529,"level":20,"msg":"Processed: \u001b[35mlanguages/zh-TW.yml\u001b[39m","time":"2019-04-23T08:00:36.089Z","v":0}
{"name":"hexo","hostname":"JingludeMacBook-Pro.local","pid":22529,"level":20,"msg":"Processed: \u001b[35mlanguages/zh-CN.yml\u001b[39m","time":"2019-04-23T08:00:36.089Z","v":0}
{"name":"hexo","hostname":"JingludeMacBook-Pro.local","pid":22529,"level":20,"msg":"Processed: \u001b[35mlayout/comment/changyan.ejs\u001b[39m","time":"2019-04-23T08:00:36.105Z","v":0}
{"name":"hexo","hostname":"JingludeMacBook-Pro.local","pid":22529,"level":20,"msg":"Processed: \u001b[35mlayout/comment/disqus.ejs\u001b[39m","time":"2019-04-23T08:00:36.105Z","v":0}
{"name":"hexo","hostname":"JingludeMacBook-Pro.local","pid":22529,"level":20,"msg":"Processed: \u001b[35mlayout/comment/facebook.ejs\u001b[39m","time":"2019-04-23T08:00:36.105Z","v":0}
{"name":"hexo","hostname":"JingludeMacBook-Pro.local","pid":22529,"level":20,"msg":"Processed: \u001b[35mlayout/comment/gitment.ejs\u001b[39m","time":"2019-04-23T08:00:36.106Z","v":0}
{"name":"hexo","hostname":"JingludeMacBook-Pro.local","pid":22529,"level":20,"msg":"Processed: \u001b[35mlayout/comment/gitalk.ejs\u001b[39m","time":"2019-04-23T08:00:36.106Z","v":0}
{"name":"hexo","hostname":"JingludeMacBook-Pro.local","pid":22529,"level":20,"msg":"Processed: \u001b[35mlayout/comment/isso.ejs\u001b[39m","time":"2019-04-23T08:00:36.106Z","v":0}
{"name":"hexo","hostname":"JingludeMacBook-Pro.local","pid":22529,"level":20,"msg":"Processed: \u001b[35mlayout/comment/livere.ejs\u001b[39m","time":"2019-04-23T08:00:36.106Z","v":0}
{"name":"hexo","hostname":"JingludeMacBook-Pro.local","pid":22529,"level":20,"msg":"Processed: \u001b[35mlayout/common/article.ejs\u001b[39m","time":"2019-04-23T08:00:36.106Z","v":0}
{"name":"hexo","hostname":"JingludeMacBook-Pro.local","pid":22529,"level":20,"msg":"Processed: \u001b[35mlayout/common/footer.ejs\u001b[39m","time":"2019-04-23T08:00:36.106Z","v":0}
{"name":"hexo","hostname":"JingludeMacBook-Pro.local","pid":22529,"level":20,"msg":"Processed: \u001b[35mlayout/comment/valine.ejs\u001b[39m","time":"2019-04-23T08:00:36.106Z","v":0}
{"name":"hexo","hostname":"JingludeMacBook-Pro.local","pid":22529,"level":20,"msg":"Processed: \u001b[35mlayout/common/head.ejs\u001b[39m","time":"2019-04-23T08:00:36.107Z","v":0}
{"name":"hexo","hostname":"JingludeMacBook-Pro.local","pid":22529,"level":20,"msg":"Processed: \u001b[35mlayout/common/navbar.ejs\u001b[39m","time":"2019-04-23T08:00:36.107Z","v":0}
{"name":"hexo","hostname":"JingludeMacBook-Pro.local","pid":22529,"level":20,"msg":"Processed: \u001b[35mlayout/common/paginator.ejs\u001b[39m","time":"2019-04-23T08:00:36.107Z","v":0}
{"name":"hexo","hostname":"JingludeMacBook-Pro.local","pid":22529,"level":20,"msg":"Processed: \u001b[35mlayout/common/scripts.ejs\u001b[39m","time":"2019-04-23T08:00:36.107Z","v":0}
{"name":"hexo","hostname":"JingludeMacBook-Pro.local","pid":22529,"level":20,"msg":"Processed: \u001b[35mlayout/donate/alipay.ejs\u001b[39m","time":"2019-04-23T08:00:36.107Z","v":0}
{"name":"hexo","hostname":"JingludeMacBook-Pro.local","pid":22529,"level":20,"msg":"Processed: \u001b[35mlayout/common/widget.ejs\u001b[39m","time":"2019-04-23T08:00:36.107Z","v":0}
{"name":"hexo","hostname":"JingludeMacBook-Pro.local","pid":22529,"level":20,"msg":"Processed: \u001b[35mlayout/plugin/animejs.ejs\u001b[39m","time":"2019-04-23T08:00:36.107Z","v":0}
{"name":"hexo","hostname":"JingludeMacBook-Pro.local","pid":22529,"level":20,"msg":"Processed: \u001b[35mlayout/donate/patreon.ejs\u001b[39m","time":"2019-04-23T08:00:36.107Z","v":0}
{"name":"hexo","hostname":"JingludeMacBook-Pro.local","pid":22529,"level":20,"msg":"Processed: \u001b[35mlayout/donate/paypal.ejs\u001b[39m","time":"2019-04-23T08:00:36.108Z","v":0}
{"name":"hexo","hostname":"JingludeMacBook-Pro.local","pid":22529,"level":20,"msg":"Processed: \u001b[35mlayout/donate/wechat.ejs\u001b[39m","time":"2019-04-23T08:00:36.108Z","v":0}
{"name":"hexo","hostname":"JingludeMacBook-Pro.local","pid":22529,"level":20,"msg":"Processed: \u001b[35mlayout/plugin/back-to-top.ejs\u001b[39m","time":"2019-04-23T08:00:36.108Z","v":0}
{"name":"hexo","hostname":"JingludeMacBook-Pro.local","pid":22529,"level":20,"msg":"Processed: \u001b[35mlayout/plugin/baidu-analytics.ejs\u001b[39m","time":"2019-04-23T08:00:36.108Z","v":0}
{"name":"hexo","hostname":"JingludeMacBook-Pro.local","pid":22529,"level":20,"msg":"Processed: \u001b[35mlayout/plugin/clipboard.ejs\u001b[39m","time":"2019-04-23T08:00:36.108Z","v":0}
{"name":"hexo","hostname":"JingludeMacBook-Pro.local","pid":22529,"level":20,"msg":"Processed: \u001b[35mlayout/plugin/busuanzi.ejs\u001b[39m","time":"2019-04-23T08:00:36.108Z","v":0}
{"name":"hexo","hostname":"JingludeMacBook-Pro.local","pid":22529,"level":20,"msg":"Processed: \u001b[35mlayout/plugin/mathjax.ejs\u001b[39m","time":"2019-04-23T08:00:36.108Z","v":0}
{"name":"hexo","hostname":"JingludeMacBook-Pro.local","pid":22529,"level":20,"msg":"Processed: \u001b[35mlayout/plugin/hotjar.ejs\u001b[39m","time":"2019-04-23T08:00:36.108Z","v":0}
{"name":"hexo","hostname":"JingludeMacBook-Pro.local","pid":22529,"level":20,"msg":"Processed: \u001b[35mlayout/plugin/gallery.ejs\u001b[39m","time":"2019-04-23T08:00:36.108Z","v":0}
{"name":"hexo","hostname":"JingludeMacBook-Pro.local","pid":22529,"level":20,"msg":"Processed: \u001b[35mlayout/plugin/google-analytics.ejs\u001b[39m","time":"2019-04-23T08:00:36.109Z","v":0}
{"name":"hexo","hostname":"JingludeMacBook-Pro.local","pid":22529,"level":20,"msg":"Processed: \u001b[35mlayout/plugin/progressbar.ejs\u001b[39m","time":"2019-04-23T08:00:36.109Z","v":0}
{"name":"hexo","hostname":"JingludeMacBook-Pro.local","pid":22529,"level":20,"msg":"Processed: \u001b[35mlayout/plugin/outdated-browser.ejs\u001b[39m","time":"2019-04-23T08:00:36.109Z","v":0}
{"name":"hexo","hostname":"JingludeMacBook-Pro.local","pid":22529,"level":20,"msg":"Processed: \u001b[35mlayout/search/google-cse.ejs\u001b[39m","time":"2019-04-23T08:00:36.109Z","v":0}
{"name":"hexo","hostname":"JingludeMacBook-Pro.local","pid":22529,"level":20,"msg":"Processed: \u001b[35mlayout/search/baidu.ejs\u001b[39m","time":"2019-04-23T08:00:36.109Z","v":0}
{"name":"hexo","hostname":"JingludeMacBook-Pro.local","pid":22529,"level":20,"msg":"Processed: \u001b[35mlayout/share/addtoany.ejs\u001b[39m","time":"2019-04-23T08:00:36.109Z","v":0}
{"name":"hexo","hostname":"JingludeMacBook-Pro.local","pid":22529,"level":20,"msg":"Processed: \u001b[35mlayout/search/insight.ejs\u001b[39m","time":"2019-04-23T08:00:36.109Z","v":0}
{"name":"hexo","hostname":"JingludeMacBook-Pro.local","pid":22529,"level":20,"msg":"Processed: \u001b[35mlayout/share/bdshare.ejs\u001b[39m","time":"2019-04-23T08:00:36.109Z","v":0}
{"name":"hexo","hostname":"JingludeMacBook-Pro.local","pid":22529,"level":20,"msg":"Processed: \u001b[35mlayout/share/addthis.ejs\u001b[39m","time":"2019-04-23T08:00:36.109Z","v":0}
{"name":"hexo","hostname":"JingludeMacBook-Pro.local","pid":22529,"level":20,"msg":"Processed: \u001b[35mlayout/share/sharejs.ejs\u001b[39m","time":"2019-04-23T08:00:36.109Z","v":0}
{"name":"hexo","hostname":"JingludeMacBook-Pro.local","pid":22529,"level":20,"msg":"Processed: \u001b[35mlayout/widget/category.ejs\u001b[39m","time":"2019-04-23T08:00:36.110Z","v":0}
{"name":"hexo","hostname":"JingludeMacBook-Pro.local","pid":22529,"level":20,"msg":"Processed: \u001b[35mlayout/share/sharethis.ejs\u001b[39m","time":"2019-04-23T08:00:36.110Z","v":0}
{"name":"hexo","hostname":"JingludeMacBook-Pro.local","pid":22529,"level":20,"msg":"Processed: \u001b[35mlayout/widget/archive.ejs\u001b[39m","time":"2019-04-23T08:00:36.110Z","v":0}
{"name":"hexo","hostname":"JingludeMacBook-Pro.local","pid":22529,"level":20,"msg":"Processed: \u001b[35mlayout/widget/links.ejs\u001b[39m","time":"2019-04-23T08:00:36.110Z","v":0}
{"name":"hexo","hostname":"JingludeMacBook-Pro.local","pid":22529,"level":20,"msg":"Processed: \u001b[35mlayout/widget/recent_posts.ejs\u001b[39m","time":"2019-04-23T08:00:36.110Z","v":0}
{"name":"hexo","hostname":"JingludeMacBook-Pro.local","pid":22529,"level":20,"msg":"Processed: \u001b[35mlayout/widget/tagcloud.ejs\u001b[39m","time":"2019-04-23T08:00:36.110Z","v":0}
{"name":"hexo","hostname":"JingludeMacBook-Pro.local","pid":22529,"level":20,"msg":"Processed: \u001b[35mlayout/widget/tag.ejs\u001b[39m","time":"2019-04-23T08:00:36.110Z","v":0}
{"name":"hexo","hostname":"JingludeMacBook-Pro.local","pid":22529,"level":20,"msg":"Processed: \u001b[35mlayout/widget/toc.ejs\u001b[39m","time":"2019-04-23T08:00:36.110Z","v":0}
{"name":"hexo","hostname":"JingludeMacBook-Pro.local","pid":22529,"level":20,"msg":"Processed: \u001b[35mlayout/widget/profile.ejs\u001b[39m","time":"2019-04-23T08:00:36.111Z","v":0}
{"name":"hexo","hostname":"JingludeMacBook-Pro.local","pid":22529,"level":20,"msg":"Generator: \u001b[35mpage\u001b[39m","time":"2019-04-23T08:00:36.291Z","v":0}
{"name":"hexo","hostname":"JingludeMacBook-Pro.local","pid":22529,"level":20,"msg":"Generator: \u001b[35mpost\u001b[39m","time":"2019-04-23T08:00:36.291Z","v":0}
{"name":"hexo","hostname":"JingludeMacBook-Pro.local","pid":22529,"level":20,"msg":"Generator: \u001b[35mcategory\u001b[39m","time":"2019-04-23T08:00:36.292Z","v":0}
{"name":"hexo","hostname":"JingludeMacBook-Pro.local","pid":22529,"level":20,"msg":"Generator: \u001b[35marchive\u001b[39m","time":"2019-04-23T08:00:36.292Z","v":0}
{"name":"hexo","hostname":"JingludeMacBook-Pro.local","pid":22529,"level":20,"msg":"Generator: \u001b[35mindex\u001b[39m","time":"2019-04-23T08:00:36.292Z","v":0}
{"name":"hexo","hostname":"JingludeMacBook-Pro.local","pid":22529,"level":20,"msg":"Generator: \u001b[35mjson-content\u001b[39m","time":"2019-04-23T08:00:36.292Z","v":0}
{"name":"hexo","hostname":"JingludeMacBook-Pro.local","pid":22529,"level":20,"msg":"Generator: \u001b[35mtag\u001b[39m","time":"2019-04-23T08:00:36.292Z","v":0}
{"name":"hexo","hostname":"JingludeMacBook-Pro.local","pid":22529,"level":20,"msg":"Generator: \u001b[35mcategories\u001b[39m","time":"2019-04-23T08:00:36.292Z","v":0}
{"name":"hexo","hostname":"JingludeMacBook-Pro.local","pid":22529,"level":20,"msg":"Generator: \u001b[35mtags\u001b[39m","time":"2019-04-23T08:00:36.292Z","v":0}
{"name":"hexo","hostname":"JingludeMacBook-Pro.local","pid":22529,"level":20,"msg":"Generator: \u001b[35minsight\u001b[39m","time":"2019-04-23T08:00:36.292Z","v":0}
{"name":"hexo","hostname":"JingludeMacBook-Pro.local","pid":22529,"level":20,"msg":"Generator: \u001b[35masset\u001b[39m","time":"2019-04-23T08:00:36.293Z","v":0}
{"name":"hexo","hostname":"JingludeMacBook-Pro.local","pid":22529,"level":30,"msg":"Hexo is running at \u001b[4mhttp://localhost:4000\u001b[24m . Press Ctrl+C to stop.","time":"2019-04-23T08:00:36.303Z","v":0}
{"name":"hexo","hostname":"JingludeMacBook-Pro.local","pid":22529,"level":20,"msg":"Database saved","time":"2019-04-23T08:00:36.352Z","v":0}
{"name":"hexo","hostname":"JingludeMacBook-Pro.local","pid":22529,"level":20,"msg":"Rendering index: \u001b[35mindex.html\u001b[39m","time":"2019-04-23T08:00:39.885Z","v":0}
{"name":"hexo","hostname":"JingludeMacBook-Pro.local","pid":22529,"level":30,"msg":"Have a nice day","time":"2019-04-23T08:01:00.643Z","v":0}
{"name":"hexo","hostname":"JingludeMacBook-Pro.local","pid":22529,"level":20,"msg":"Database saved","time":"2019-04-23T08:01:00.666Z","v":0}
